MPASM 5.62  /USERS/DOLENLE/MPLABXPROJECTS/BF   8-5-2015  21:15:17         PAGE  1


LOC  OBJECT CODE     LINE SOURCE TEXT
  VALUE

                      00001 ;PIC 16F84 Brainfuck Computer
                      00002 ;Dolen Le, 2014-2015
                      00003     
                      00004 ;Instruction Decode as follows:
                      00005 ;000 +
                      00006 ;001 ,
                      00007 ;010 -
                      00008 ;011 .
                      00009 ;100 <
                      00010 ;101 ]
                      00011 ;110 >
                      00012 ;111 [
                      00013 
                      00014     LIST    P=PIC16F84, R=hex
                      00015     INCLUDE "p16F84.inc"   ;include chip-specific constants
                      00001         LIST
                      00002 
                      00003 ;==========================================================================
                      00004 ; Build date : Apr 06 2015
                      00005 ;  MPASM PIC16F84 processor include
                      00006 ; 
                      00007 ;  (c) Copyright 1999-2015 Microchip Technology, All rights reserved
                      00008 ;==========================================================================
                      00009 
                      00207         LIST
                      00016     
2007   3FF2           00017     __CONFIG _CP_OFF & _PWRTE_ON & _WDT_OFF & _HS_OSC
                      00018     ;Fuses: code protect off, poweron timer on, watchdog off, high-speed xtal
                      00019 
                      00020 #define srdata PORTB, 2 ;Actual pin 8
                      00021 #define srclock PORTB, 3 ;Actual pin 9
                      00022 #define srlatch PORTB, 1 ;Actual pin 7
                      00023 
                      00024 #define lcdmode CELL, 7 ;LCD status bit (command/data)
                      00025 #define bfcmode CELL, 6 ;mode bit (edit/run)
                      00026 
                      00027 ; Various special registers:
  0000000C            00028 COUNT   EQU 0x0C    ;counter value
  0000000D            00029 DELAY   EQU 0x0D    ;millisecond delay
  0000000E            00030 BUFF    EQU 0x0E    ;EEPROM/LCD data buffer
  0000000F            00031 STA     EQU 0x0F    ;Stack pointer (lower 3 bits)
  00000010            00032 CELL    EQU 0x10    ;brainfuck cell pointer - upper 2 status bits
  00000011            00033 INST    EQU 0x11    ;brainfuck "program counter" and input pointer
                      00034 
                      00035     ORG 0x2100 ;preload in eeprom
2100   0044           00036     de 0x44
                      00037 
                      00038     ORG 0x00
0000   2???           00039     goto        start
                      00040 
                      00041     ORG 0x04 ;ISR
                      00042     
0004   1C8B           00043     btfss   INTCON, INTF ;external interrupt (buttons) or onchange?
MPASM 5.62  /USERS/DOLENLE/MPLABXPROJECTS/BF   8-5-2015  21:15:17         PAGE  2


LOC  OBJECT CODE     LINE SOURCE TEXT
  VALUE

0005   2???           00044     goto    isr2    ;skip
0006   108B           00045     bcf     INTCON, INTF ;clear ext interrupt flag
0007   0805           00046     movfw   PORTA   ;quickly, read input into W
0008   3907           00047     andlw   0x07    ;keep 3 bits
0009   1B10           00048     btfsc   bfcmode     ;check mode
000A   2???           00049     goto    isr_editor  ;edit
000B   2???           00050     goto    isr_input   ;input
000C                  00051 isr2:    ;continue
000C   303C           00052     movlw   0x3C
000D   008E           00053     movwf   BUFF
000E   2???           00054     call    lcd_write
000F   108B           00055     bcf     INTCON, INTF
                      00056     
0010   0009           00057     retfie ;return
                      00058 
0011                  00059 msg:                                    ;splash msg
0011   0782           00060     addwf   PCL, f
0012   3450 3449 3443 00061     dt "PIC Brainfuck", 0
       3420 3442 3472 
       3461 3469 346E 
       3466 3475 3463 
       346B 3400 
                      00062 
0020                  00063 start:
0020   1683           00064     bsf     STATUS, RP0 ;Bank 1
0021   3001           00065     movlw   0x01        ; input on pin 0
Message[302]: Register in operand not in bank 0.  Ensure that bank bits are correct.
0022   0086           00066     movwf   TRISB       ;set PORTB output
0023   300F           00067     movlw   0x0F
Message[302]: Register in operand not in bank 0.  Ensure that bank bits are correct.
0024   0085           00068     movwf   TRISA       ;set PORTA input
0025   1283           00069     bcf     STATUS, RP0 ;bank 0
0026   0186           00070     clrf    PORTB
0027   1103           00071     bcf     STATUS, Z
                      00072 
0028   3032           00073     movlw   .50
0029   008D           00074     movwf   DELAY
002A   2???           00075     call    wait   ;delay 50ms
002B   2???           00076     call    resetLCD
002C   2???           00077     call    wait50
002D   0191           00078     clrf    INST
                      00079 
002E                  00080 splash:
002E   0811           00081     movfw   INST    ;temporarily use INST as index
002F   2???           00082     call    msg     ;get next char (retwl)
0030   3800           00083     iorlw   0       ;branch if end of string
0031   1903           00084     btfsc   STATUS, Z
0032   2???           00085     goto    start_cont
0033   008E           00086     movwf   BUFF
0034   2???           00087     call    lcd_write
0035   0A91           00088     incf    INST, F
0036   301F           00089     movlw   0x1F
0037   008D           00090     movwf   DELAY       ;create scroll effect
MPASM 5.62  /USERS/DOLENLE/MPLABXPROJECTS/BF   8-5-2015  21:15:17         PAGE  3


LOC  OBJECT CODE     LINE SOURCE TEXT
  VALUE

0038   2???           00091     call    wait
0039   2???           00092     goto    splash
                      00093     
003A                  00094 start_cont:
003A   1710           00095     bsf     bfcmode ;editor mode
003B   0191           00096     clrf    INST
003C   0189           00097     clrf    EEADR
003D   30FF           00098     movlw   0xFF
003E   008D           00099     movwf   DELAY ;delay ~0.5 second for splash screen
003F   2???           00100     call    wait
0040   30FF           00101     movlw   0xFF
0041   008D           00102     movwf   DELAY
0042   2???           00103     call    wait
0043   2???           00104     call    resetLCD ;clear lcd
                      00105 
0044                  00106 disp:
0044   1003           00107     bcf     STATUS, C
0045   0C11           00108     rrf     INST, W
0046   0089           00109     movwf   EEADR
0047   1683           00110     bsf     STATUS, RP0 ;bank 1
Message[302]: Register in operand not in bank 0.  Ensure that bank bits are correct.
0048   1408           00111     bsf     EECON1, RD  ;read EEPROM, EEDATA contains byte
0049   1283           00112     bcf     STATUS, RP0
004A   0808           00113     movfw   EEDATA
004B   1C11           00114     btfss   INST, 0
004C   0E08           00115     swapf   EEDATA, W
004D   3907           00116     andlw   0x07
004E   008E           00117     movwf   BUFF
                      00118 
                      00119     ;Write BUFF to LCD:
004F   080E           00120     movfw   BUFF
0050   190E           00121     btfsc   BUFF, 2 ;check 3rd bit for instruction type
0051   2???           00122     goto    xptrops
0052   3E03           00123     addlw   0x03 ;convert to ascii
0053   3828           00124     iorlw   0x28
0054   008E           00125     movwf   BUFF
0055   2???           00126     goto    xisr_editor_cont ;skip ptrops
                      00127 
0056                  00128 xptrops:     ;handles pointer control commands (< > and [ ])
0056   383C           00129     iorlw   0x3C ;< >
0057   180E           00130     btfsc   BUFF, 0 ;check 0th bit
0058   3A60           00131     xorlw   0x60 ;_ ]
0059   008E           00132     movwf   BUFF
005A   3C5F           00133     sublw   0x5F ;correct _ into [
005B   1903           00134     btfsc   STATUS, Z
005C   110E           00135     bcf     BUFF, 2
                      00136 
005D                  00137 xisr_editor_cont:
005D   2???           00138     call    lcd_write
005E   0A91           00139     incf    INST, F
005F   0811           00140     movfw   INST
0060   3C0F           00141     sublw   0x0F
0061   1D03           00142     btfss   STATUS, Z
MPASM 5.62  /USERS/DOLENLE/MPLABXPROJECTS/BF   8-5-2015  21:15:17         PAGE  4


LOC  OBJECT CODE     LINE SOURCE TEXT
  VALUE

0062   2???           00143     goto    disp
                      00144     
0063   30FF           00145     movlw   0xFF
0064   008D           00146     movwf   DELAY ;delay ~0.5 second for splash screen
0065   2???           00147     call    wait
0066   30FF           00148     movlw   0xFF
0067   008D           00149     movwf   DELAY
0068   2???           00150     call    wait
0069   2???           00151     call    resetLCD ;clear lcd
006A   0191           00152     clrf    INST
006B   0189           00153     clrf    EEADR   ;EEPROM
006C   160B           00154     bsf     INTCON, INTE    ;enable ext. interrupt on RB0
006D   178B           00155     bsf     INTCON, GIE     ;global interrupt enable
                      00156 
006E                  00157 idle:
006E   0000           00158     nop
006F   2???           00159     goto idle
                      00160 
0070                  00161 run_loop:
0070   1310           00162     bcf     bfcmode ;run mode
0071   0191           00163     clrf    INST ;clear instruction pointer
0072   018F           00164     clrf    STA
0073   0189           00165     clrf    EEADR
                      00166 
0074   2???           00167     goto    idle
                      00168 
0075                  00169 isr_editor:     ;write command (in W) to eeprom and LCD (as ASCII)
0075   008E           00170     movwf   BUFF  ;store input temporarily
0076   1003           00171     bcf     STATUS, C
0077   0C11           00172     rrf     INST, W
0078   0089           00173     movwf   EEADR
0079   1683           00174     bsf     STATUS, RP0 ;bank 1
Message[302]: Register in operand not in bank 0.  Ensure that bank bits are correct.
007A   1408           00175     bsf     EECON1, RD  ;read EEPROM, EEDATA contains byte
007B   1283           00176     bcf     STATUS, RP0
                      00177 
007C   1811           00178     btfsc   INST, 0 ;continue if even instruction, else write_odd
007D   2???           00179     goto    write_odd
007E   0E0E           00180     swapf   BUFF, W
007F   0608           00181     xorwf   EEDATA, W
0080   39F0           00182     andlw   0xF0    ;keep lower nibble
0081   0688           00183     xorwf   EEDATA, F
0082   2???           00184     goto    isr_editor_cont1
                      00185 
0083                  00186 write_odd:
0083   080E           00187     movfw   BUFF
0084   0608           00188     xorwf   EEDATA, W
0085   390F           00189     andlw   0x0F    ;keep upper nibble
0086   0688           00190     xorwf   EEDATA, F
                      00191 
0087                  00192 isr_editor_cont1:
0087   1683           00193     bsf     STATUS, RP0 ;bank 1
Message[302]: Register in operand not in bank 0.  Ensure that bank bits are correct.
MPASM 5.62  /USERS/DOLENLE/MPLABXPROJECTS/BF   8-5-2015  21:15:17         PAGE  5


LOC  OBJECT CODE     LINE SOURCE TEXT
  VALUE

0088   1508           00194     bsf     EECON1, WREN ;enable eeprom write
0089   3055           00195     movlw   0x55
Message[302]: Register in operand not in bank 0.  Ensure that bank bits are correct.
008A   0089           00196     movwf   EECON2
008B   30AA           00197     movlw   0xAA
Message[302]: Register in operand not in bank 0.  Ensure that bank bits are correct.
008C   0089           00198     movwf   EECON2 ;initialization procedure
Message[302]: Register in operand not in bank 0.  Ensure that bank bits are correct.
008D   1488           00199     bsf     EECON1, WR
008E   1283           00200     bcf     STATUS, RP0
                      00201 
008F   1683           00202     bsf     STATUS, RP0 ;bank 1
Message[302]: Register in operand not in bank 0.  Ensure that bank bits are correct.
0090   1408           00203     bsf     EECON1, RD  ;read EEPROM, EEDATA contains byte
0091   1283           00204     bcf     STATUS, RP0
0092   0808           00205     movfw   EEDATA
0093   1C11           00206     btfss   INST, 0
0094   0E08           00207     swapf   EEDATA, W
0095   3907           00208     andlw   0x07
0096   008E           00209     movwf   BUFF
                      00210     
                      00211     
                      00212     ;Write BUFF to LCD:
0097   080E           00213     movfw   BUFF
0098   190E           00214     btfsc   BUFF, 2 ;check 3rd bit
0099   2???           00215     goto    ptrops
009A   3E03           00216     addlw   0x03 ;convert to ascii
009B   3828           00217     iorlw   0x28
009C   008E           00218     movwf   BUFF
009D   2???           00219     goto    isr_editor_cont2 ;skip ptrops
                      00220 
009E                  00221 ptrops:     ;pointer control commands (< > and [ ])
009E   383C           00222     iorlw   0x3C ;< >
009F   180E           00223     btfsc   BUFF, 0 ;check 0th bit
00A0   3A60           00224     xorlw   0x60 ;_ ]
00A1   008E           00225     movwf   BUFF
00A2   3C5F           00226     sublw   0x5F ;correct _ into [
00A3   1903           00227     btfsc   STATUS, Z
00A4   110E           00228     bcf     BUFF, 2
                      00229 
00A5                  00230 isr_editor_cont2:
00A5   2???           00231     call    lcd_write
00A6   0A91           00232     incf    INST, F
00A7   0811           00233     movfw   INST
00A8   3C10           00234     sublw   0x10
00A9   391F           00235     andlw   0x1F
00AA   1903           00236     btfsc   STATUS, Z  ;if line full (16 chars), move lcd cursor
00AB   2???           00237     call    lcd_line2
00AC   0811           00238     movfw   INST    ;repeat for 32
00AD   3C20           00239     sublw   0x20
00AE   391F           00240     andlw   0x1F
00AF   1D03           00241     btfss   STATUS, Z  ;if screen full (32 chars), clear lcd
00B0   0009           00242     retfie
MPASM 5.62  /USERS/DOLENLE/MPLABXPROJECTS/BF   8-5-2015  21:15:17         PAGE  6


LOC  OBJECT CODE     LINE SOURCE TEXT
  VALUE

00B1   2???           00243     call    resetLCD   ;clear the screen
00B2   0009           00244     retfie
                      00245 
00B3                  00246 isr_input:      ;write byte to cell
00B3   0009           00247     retfie
                      00248 
00B4                  00249 lcd_write:      ;write BUFF to the LCD via shift register
00B4   2???           00250     call    shift4
00B5   1506           00251     bsf     srdata  ;E=1
00B6   2???           00252     call    shift2
00B7   2???           00253     call    right4 ;reset BUFF
                      00254 
00B8   2???           00255     call    shift4
00B9   1106           00256     bcf     srdata  ;E=0, falling edge reads in data
00BA   2???           00257     call    shift2
00BB   3002           00258     movlw   .2
00BC   008D           00259     movwf   DELAY
00BD   2???           00260     call    wait   ;delay
                      00261 
                      00262     ;repeat for 2nd nibble
00BE   2???           00263     call    shift4
00BF   1506           00264     bsf     srdata  ;E=1
00C0   2???           00265     call    shift2
00C1   2???           00266     call    right4 ;reset BUFF
                      00267 
00C2   2???           00268     call    shift4
00C3   1106           00269     bcf     srdata  ;E=0, falling edge reads in data
00C4   2???           00270     call    shift2
00C5   3002           00271     movlw   .2
00C6   008D           00272     movwf   DELAY
00C7   2???           00273     call    wait   ;delay
00C8   2???           00274     call    right4
00C9   2???           00275     call    right4 ;BUFF back to orig. position
                      00276     
00CA   0008           00277     return
                      00278 
00CB                  00279 shift4:     ;shift 4 bits of BUFF w/o latching
00CB   3004           00280     movlw   0x04
00CC   008C           00281     movwf   COUNT
00CD                  00282 l4_loop:
00CD   0D8E           00283     rlf     BUFF, F ;rotate left thru carry
00CE   1106           00284     bcf     srdata
00CF   1803           00285     btfsc   STATUS, C ;write carry bit to sr data
00D0   1506           00286     bsf     srdata
00D1   1586           00287     bsf     srclock ;pulse clock
00D2   1186           00288     bcf     srclock
00D3   0B8C           00289     decfsz  COUNT, F
00D4   2???           00290     goto    l4_loop ;repeat
00D5   0008           00291     return
                      00292 
00D6                  00293 right4:     ;rotate BUFF 4 bits right to original position
00D6   3004           00294     movlw   0x04
00D7   008C           00295     movwf   COUNT
MPASM 5.62  /USERS/DOLENLE/MPLABXPROJECTS/BF   8-5-2015  21:15:17         PAGE  7


LOC  OBJECT CODE     LINE SOURCE TEXT
  VALUE

00D8                  00296 r4_loop:
00D8   0C8E           00297     rrf     BUFF, F
00D9   0B8C           00298     decfsz   COUNT, F
00DA   2???           00299     goto    r4_loop
00DB   0008           00300     return
                      00301 
00DC                  00302 shift2:     ;shift out the last 2 bits (Enable then RS), then latch
00DC   1586           00303     bsf     srclock ;shift out
00DD   1186           00304     bcf     srclock
00DE   1106           00305     bcf     srdata  ;register zero (cmd)
00DF   1B90           00306     btfsc   lcdmode ;flag for RS
00E0   1506           00307     bsf     srdata
00E1   1586           00308     bsf     srclock ;shift out
00E2   1186           00309     bcf     srclock
00E3   1486           00310     bsf     srlatch ;latch out data
00E4   1086           00311     bcf     srlatch
00E5   0008           00312     return
                      00313 
00E6                  00314 resetLCD:    ;initialize LCD - E, RS and D4-D7 to lower 6 bits of 4094
00E6   1390           00315     bcf     lcdmode      ;LCD command mode
00E7   3033           00316     movlw   b'00110011' ;initialize lcd (try 2 times)
00E8   008E           00317     movwf   BUFF
00E9   2???           00318     call    lcd_write
00EA   3030           00319     movlw   b'00110000' ;one last try
00EB   008E           00320     movwf   BUFF
00EC   2???           00321     call    lcd_write
00ED   3002           00322     movlw   b'00000010' ;command for 4-bit mode (swapped)
00EE   008E           00323     movwf   BUFF
00EF   2???           00324     call    lcd_write
00F0   3028           00325     movlw   b'00101000'   ;Function set, config display
00F1   008E           00326     movwf   BUFF
00F2   2???           00327     call    lcd_write
00F3   300F           00328     movlw   b'00001111'   ;lcd on w/ blinking cursor
00F4   008E           00329     movwf   BUFF
00F5   2???           00330     call    lcd_write
00F6   3001           00331     movlw   b'00000001'   ;clear disp
00F7   008E           00332     movwf   BUFF
00F8   2???           00333     call    lcd_write
00F9   3006           00334     movlw   b'00000110'   ;enter data, auto increment addr.
00FA   008E           00335     movwf   BUFF
00FB   2???           00336     call    lcd_write
00FC   1790           00337     bsf     lcdmode ;back to lcd data mode
00FD   0008           00338     return
                      00339 
00FE                  00340 lcd_line2: ;move lcd cursor to the 2nd line
00FE   1390           00341     bcf     lcdmode  ;lcd command
00FF   30A8           00342     movlw   0xA8
0100   008E           00343     movwf   BUFF
0101   2???           00344     call    lcd_write
0102   1790           00345     bsf     lcdmode ;back to data mode
0103   0008           00346     return
                      00347 
                      00348 ;inc_ptr ;increment data pointer (<)
MPASM 5.62  /USERS/DOLENLE/MPLABXPROJECTS/BF   8-5-2015  21:15:17         PAGE  8


LOC  OBJECT CODE     LINE SOURCE TEXT
  VALUE

                      00349 ;    return
                      00350 ;
                      00351 ;dec_ptr ;decrement data pointer (>)
                      00352 ;    return
                      00353 ;
                      00354 ;inc_cell ;increment byte (+)
                      00355 ;    return
                      00356 ;
                      00357 ;dec_cell ;decement byte (-)
                      00358 ;    return
                      00359 ;
                      00360 ;out_cell ;display byte on LCD  (.)
                      00361 ;    return
                      00362 ;
                      00363 ;in_cell ;load input into byte (,)
                      00364 ;    return
                      00365 
0104                  00366 wait:    ;wait approx. DELAY millisecs
0104   30C8           00367     movlw   .200     ;run 200 times
0105                  00368 waitloop:
0105   008C           00369     movwf   COUNT   ;1 microsecond per cycle w/ 4MHz xtal
                      00370 
0106   2???           00371     goto    $+1     ;2 cycles
0107   0B8C           00372     decfsz  COUNT, F   ;1 cycle
0108   2???           00373     goto    $-2     ;2 cycles
                      00374 
0109   0B8D           00375     decfsz  DELAY, F
010A   2???           00376     goto    waitloop
010B   0008           00377     return
                      00378 
010C                  00379 wait50:     ;wait approx. 50 microseconds (4MHz)
010C   3009           00380     movlw   .9     ;run 9 times
010D   008C           00381     movwf   COUNT   ;1 microsecond per cycle w/ 4MHz xtal
                      00382 
010E   2???           00383     goto    $+1     ;2 cycles
010F   0B8C           00384     decfsz  COUNT, F   ;1 cycle
0110   2???           00385     goto    $-2     ;2 cycles
0111   0000           00386     nop
0112   0008           00387     return
                      00388 
0113                  00389 addinst:    ;write new instruction
0113   0008           00390     return
                      00391     
3FF2                  00392     END
MPASM 5.62  /USERS/DOLENLE/MPLABXPROJECTS/BF   8-5-2015  21:15:17         PAGE  9


SYMBOL TABLE
  LABEL                             VALUE 

BUFF                              0000000E
C                                 00000000
CELL                              00000010
COUNT                             0000000C
DC                                00000001
DELAY                             0000000D
EEADR                             00000009
EECON1                            00000088
EECON2                            00000089
EEDATA                            00000008
EEIE                              00000006
EEIF                              00000004
F                                 00000001
FSR                               00000004
GIE                               00000007
INDF                              00000000
INST                              00000011
INTCON                            0000000B
INTE                              00000004
INTEDG                            00000006
INTF                              00000001
IRP                               00000007
NOT_PD                            00000003
NOT_RBPU                          00000007
NOT_TO                            00000004
OPTION_REG                        00000081
PCL                               00000002
PCLATH                            0000000A
PORTA                             00000005
PORTB                             00000006
PS0                               00000000
PS1                               00000001
PS2                               00000002
PSA                               00000003
RA0                               00000000
RA1                               00000001
RA2                               00000002
RA3                               00000003
RA4                               00000004
RB0                               00000000
RB1                               00000001
RB2                               00000002
RB3                               00000003
RB4                               00000004
RB5                               00000005
RB6                               00000006
RB7                               00000007
RBIE                              00000003
RBIF                              00000000
RD                                00000000
RP0                               00000005
RP1                               00000006
STA                               0000000F
MPASM 5.62  /USERS/DOLENLE/MPLABXPROJECTS/BF   8-5-2015  21:15:17         PAGE 10


SYMBOL TABLE
  LABEL                             VALUE 

STATUS                            00000003
T0CS                              00000005
T0IE                              00000005
T0IF                              00000002
T0SE                              00000004
TMR0                              00000001
TMR0IE                            00000005
TMR0IF                            00000002
TRISA                             00000085
TRISA0                            00000000
TRISA1                            00000001
TRISA2                            00000002
TRISA3                            00000003
TRISA4                            00000004
TRISB                             00000086
TRISB0                            00000000
TRISB1                            00000001
TRISB2                            00000002
TRISB3                            00000003
TRISB4                            00000004
TRISB5                            00000005
TRISB6                            00000006
TRISB7                            00000007
W                                 00000000
WR                                00000001
WREN                              00000002
WRERR                             00000003
Z                                 00000002
_.org_2_0106                      00000106
_.org_2_0108                      00000108
_.org_2_010E                      0000010E
_.org_2_0110                      00000110
_CONFIG                           00002007
_CP_OFF                           00003FFF
_CP_ON                            0000000F
_FOSC_EXTRC                       00003FFF
_FOSC_HS                          00003FFE
_FOSC_LP                          00003FFC
_FOSC_XT                          00003FFD
_HS_OSC                           00003FFE
_IDLOC0                           00002000
_IDLOC1                           00002001
_IDLOC2                           00002002
_IDLOC3                           00002003
_LP_OSC                           00003FFC
_PWRTE_OFF                        00003FFF
_PWRTE_ON                         00003FF7
_RC_OSC                           00003FFF
_WDTE_OFF                         00003FFB
_WDTE_ON                          00003FFF
_WDT_OFF                          00003FFB
_WDT_ON                           00003FFF
_XT_OSC                           00003FFD
MPASM 5.62  /USERS/DOLENLE/MPLABXPROJECTS/BF   8-5-2015  21:15:17         PAGE 11


SYMBOL TABLE
  LABEL                             VALUE 

__16F84                           00000001
addinst                           00000113
bfcmode                           CELL, 6
disp                              00000044
idle                              0000006E
isr2                              0000000C
isr_editor                        00000075
isr_editor_cont1                  00000087
isr_editor_cont2                  000000A5
isr_input                         000000B3
l4_loop                           000000CD
lcd_line2                         000000FE
lcd_write                         000000B4
lcdmode                           CELL, 7
msg                               00000011
ptrops                            0000009E
r4_loop                           000000D8
resetLCD                          000000E6
right4                            000000D6
run_loop                          00000070
shift2                            000000DC
shift4                            000000CB
splash                            0000002E
srclock                           PORTB, 3
srdata                            PORTB, 2
srlatch                           PORTB, 1
start                             00000020
start_cont                        0000003A
wait                              00000104
wait50                            0000010C
waitloop                          00000105
write_odd                         00000083
xisr_editor_cont                  0000005D
xptrops                           00000056

Errors   :     0
Warnings :     0 reported,     0 suppressed
Messages :     9 reported,     0 suppressed

